<?xml version="1.0" encoding="UTF-8"?>
<!-- Generated by org.testng.reporters.JUnitReportReporter -->
<testsuite hostname="NIKANSAL-VWQYE" name="com.cisco.gui.automation.CPSCentralBasicAutomationTest" tests="3" failures="0" timestamp="30 Jun 2019 09:13:41 GMT" time="141.735" errors="0">
  <testcase name="testExportCps" time="48.566" classname="com.cisco.gui.automation.CPSCentralBasicAutomationTest"/>
  <testcase name="testImportCps" time="79.093" classname="com.cisco.gui.automation.CPSCentralBasicAutomationTest"/>
  <testcase name="testLoginToCpsCentral" time="14.076" classname="com.cisco.gui.automation.CPSCentralBasicAutomationTest"/>
</testsuite> <!-- com.cisco.gui.automation.CPSCentralBasicAutomationTest -->
