<?xml version="1.0" encoding="UTF-8"?>
<!-- Generated by org.testng.reporters.JUnitReportReporter -->
<testsuite hostname="NIKANSAL-VWQYE" name="com.cisco.gui.automation.PolicyBuilderBasicAutomationTest" tests="1" failures="0" timestamp="3 Jul 2019 19:29:27 GMT" time="134.863" errors="0">
  <testcase name="testLoadRepositoryAfterLogin" time="134.863" classname="com.cisco.gui.automation.PolicyBuilderBasicAutomationTest"/>
</testsuite> <!-- com.cisco.gui.automation.PolicyBuilderBasicAutomationTest -->
