<?xml version="1.0" encoding="UTF-8"?>
<!-- Generated by org.testng.reporters.JUnitReportReporter -->
<testsuite hostname="NIKANSAL-VWQYE" name="com.cisco.gui.automation.CPSCentralBasicAutomationTest" tests="3" failures="0" timestamp="3 Jul 2019 19:29:27 GMT" time="136.556" errors="0">
  <testcase name="testLoginToCpsCentral" time="13.158" classname="com.cisco.gui.automation.CPSCentralBasicAutomationTest"/>
  <testcase name="testExportCps" time="44.887" classname="com.cisco.gui.automation.CPSCentralBasicAutomationTest"/>
  <testcase name="testImportCps" time="78.511" classname="com.cisco.gui.automation.CPSCentralBasicAutomationTest"/>
</testsuite> <!-- com.cisco.gui.automation.CPSCentralBasicAutomationTest -->
