<?xml version="1.0" encoding="UTF-8"?>
<!-- Generated by org.testng.reporters.JUnitReportReporter -->
<testsuite hostname="NIKANSAL-VWQYE" name="com.cisco.gui.automation.CPSCentralBasicAutomationTest" tests="1" failures="0" timestamp="29 Jun 2019 12:42:56 GMT" time="12.350" errors="0">
  <testcase name="testLoginToCpsCentral" time="12.350" classname="com.cisco.gui.automation.CPSCentralBasicAutomationTest"/>
</testsuite> <!-- com.cisco.gui.automation.CPSCentralBasicAutomationTest -->
